Started GET "/" for ::1 at 2023-05-05 16:54:45 +0200
  [1m[36mActiveRecord::SchemaMigration Pluck (0.5ms)[0m  [1m[34mSELECT "schema_migrations"."version" FROM "schema_migrations" ORDER BY "schema_migrations"."version" ASC[0m
Processing by GeneralController#index as HTML
  Rendering general/index.html.erb
  Rendered general/index.html.erb (Duration: 4.2ms | Allocations: 536)
Completed 200 OK in 41ms (Views: 13.4ms | ActiveRecord: 0.0ms | Allocations: 7035)


Started GET "/" for ::1 at 2023-05-05 17:04:12 +0200
Processing by GeneralController#index as HTML
  Rendering general/index.html.erb
  Rendered general/index.html.erb (Duration: 2.7ms | Allocations: 158)
Completed 200 OK in 33ms (Views: 13.1ms | Allocations: 1015)


Started GET "/" for ::1 at 2023-05-05 17:04:26 +0200
Processing by GeneralController#index as HTML
  Rendering general/index.html.erb
  Rendered general/index.html.erb (Duration: 0.1ms | Allocations: 8)
Completed 200 OK in 7ms (Views: 6.3ms | Allocations: 285)


Started GET "/" for ::1 at 2023-05-05 17:04:37 +0200
Processing by GeneralController#index as HTML
  Rendering general/index.html.erb
  Rendered general/index.html.erb (Duration: 26.9ms | Allocations: 538)
Completed 200 OK in 35ms (Views: 29.3ms | Allocations: 1391)


